  [1m[35m (0.4ms)[0m  [1m[35mCREATE TABLE "schema_migrations" ("version" varchar NOT NULL PRIMARY KEY)[0m
  [1m[35m (0.3ms)[0m  [1m[35mCREATE TABLE "ar_internal_metadata" ("key" varchar NOT NULL PRIMARY KEY, "value" varchar, "created_at" datetime(6) NOT NULL, "updated_at" datetime(6) NOT NULL)[0m
  [1m[36mActiveRecord::SchemaMigration Pluck (0.2ms)[0m  [1m[34mSELECT "schema_migrations"."version" FROM "schema_migrations" ORDER BY "schema_migrations"."version" ASC[0m
Migrating to CreateUrlShorteners (20230503183839)
  [1m[36mTRANSACTION (0.0ms)[0m  [1m[36mbegin transaction[0m
  [1m[35m (0.1ms)[0m  [1m[35mCREATE TABLE "url_shorteners" ("id" integer PRIMARY KEY AUTOINCREMENT NOT NULL, "long" varchar, "short" varchar, "created_at" datetime(6) NOT NULL, "updated_at" datetime(6) NOT NULL)[0m
  [1m[36mActiveRecord::SchemaMigration Create (0.1ms)[0m  [1m[32mINSERT INTO "schema_migrations" ("version") VALUES (?)[0m  [["version", "20230503183839"]]
  [1m[36mTRANSACTION (0.2ms)[0m  [1m[36mcommit transaction[0m
  [1m[36mActiveRecord::InternalMetadata Load (0.0ms)[0m  [1m[34mSELECT "ar_internal_metadata".* FROM "ar_internal_metadata" WHERE "ar_internal_metadata"."key" = ? LIMIT ?[0m  [["key", "environment"], ["LIMIT", 1]]
  [1m[36mTRANSACTION (0.0ms)[0m  [1m[36mbegin transaction[0m
  [1m[36mActiveRecord::InternalMetadata Create (0.1ms)[0m  [1m[32mINSERT INTO "ar_internal_metadata" ("key", "value", "created_at", "updated_at") VALUES (?, ?, ?, ?)[0m  [["key", "environment"], ["value", "development"], ["created_at", "2023-05-03 18:39:17.263337"], ["updated_at", "2023-05-03 18:39:17.263337"]]
  [1m[36mTRANSACTION (0.2ms)[0m  [1m[36mcommit transaction[0m
  [1m[36mActiveRecord::SchemaMigration Pluck (0.0ms)[0m  [1m[34mSELECT "schema_migrations"."version" FROM "schema_migrations" ORDER BY "schema_migrations"."version" ASC[0m
Started GET "/" for 127.0.0.1 at 2023-05-03 14:53:28 -0400
  [1m[36mActiveRecord::SchemaMigration Pluck (0.1ms)[0m  [1m[34mSELECT "schema_migrations"."version" FROM "schema_migrations" ORDER BY "schema_migrations"."version" ASC[0m
Started GET "/" for 127.0.0.1 at 2023-05-03 14:53:28 -0400
Processing by UrlShortenerController#encode as HTML
Processing by UrlShortenerController#encode as HTML
Completed 500 Internal Server Error in 4ms (ActiveRecord: 0.0ms | Allocations: 5447)


Completed 500 Internal Server Error in 4ms (ActiveRecord: 0.0ms | Allocations: 7605)


  
NameError (uninitialized constant UrlShortenerController::Url
Did you mean?  URI):
  
app/controllers/url_shortener_controller.rb:15:in `block in encode'
app/controllers/url_shortener_controller.rb:5:in `loop'
app/controllers/url_shortener_controller.rb:5:in `encode'
  
NameError (uninitialized constant UrlShortenerController::Url
Did you mean?  URI):
  
app/controllers/url_shortener_controller.rb:15:in `block in encode'
app/controllers/url_shortener_controller.rb:5:in `loop'
app/controllers/url_shortener_controller.rb:5:in `encode'
Started GET "/" for 127.0.0.1 at 2023-05-03 14:59:54 -0400
  [1m[36mActiveRecord::SchemaMigration Pluck (0.0ms)[0m  [1m[34mSELECT "schema_migrations"."version" FROM "schema_migrations" ORDER BY "schema_migrations"."version" ASC[0m
  
SyntaxError (/Users/sahithijarugula/URLShortenerProgram/app/controllers/url_shortener_controller.rb:34: syntax error, unexpected end-of-input, expecting `end'):
  
app/controllers/url_shortener_controller.rb:34: syntax error, unexpected end-of-input, expecting `end'
app/controllers/url_shortener_controller.rb:34: syntax error, unexpected end-of-input, expecting `end'
app/controllers/url_shortener_controller.rb:34: syntax error, unexpected end-of-input, expecting `end'
Started GET "/" for 127.0.0.1 at 2023-05-03 15:00:43 -0400
  [1m[36mActiveRecord::SchemaMigration Pluck (0.0ms)[0m  [1m[34mSELECT "schema_migrations"."version" FROM "schema_migrations" ORDER BY "schema_migrations"."version" ASC[0m
Processing by UrlShortenerController#encode as HTML
  Rendering layout layouts/application.html.erb
  Rendering url_shortener/encode.html.erb within layouts/application
  Rendered url_shortener/encode.html.erb within layouts/application (Duration: 9.1ms | Allocations: 5356)
  Rendered layout layouts/application.html.erb (Duration: 9.3ms | Allocations: 5441)
Completed 500 Internal Server Error in 13ms (ActiveRecord: 0.0ms | Allocations: 10872)


  
ActionView::Template::Error (undefined local variable or method `encode_page_path' for #<ActionView::Base:0x0000000000a9d8>):
    1: <h1>URL Shortener</h1>
    2: 
    3: <%= form_with url: encode_page_path, method: "get" do |form| %>
    4:   <p>
    5:     <%= label_tag :url, "Insert URL" %><br>
    6:     <%= text_field_tag :input_long %>
  
app/views/url_shortener/encode.html.erb:3
Started GET "/" for 127.0.0.1 at 2023-05-03 15:00:44 -0400
Processing by UrlShortenerController#encode as HTML
  Rendering layout layouts/application.html.erb
  Rendering url_shortener/encode.html.erb within layouts/application
  Rendered url_shortener/encode.html.erb within layouts/application (Duration: 24.8ms | Allocations: 4075)
  Rendered layout layouts/application.html.erb (Duration: 25.3ms | Allocations: 4147)
Completed 500 Internal Server Error in 27ms (ActiveRecord: 0.0ms | Allocations: 4443)


  
ActionView::Template::Error (undefined local variable or method `encode_page_path' for #<ActionView::Base:0x0000000000acf8>):
    1: <h1>URL Shortener</h1>
    2: 
    3: <%= form_with url: encode_page_path, method: "get" do |form| %>
    4:   <p>
    5:     <%= label_tag :url, "Insert URL" %><br>
    6:     <%= text_field_tag :input_long %>
  
app/views/url_shortener/encode.html.erb:3
Started GET "/" for 127.0.0.1 at 2023-05-03 15:00:44 -0400
Processing by UrlShortenerController#encode as HTML
  Rendering layout layouts/application.html.erb
  Rendering url_shortener/encode.html.erb within layouts/application
  Rendered url_shortener/encode.html.erb within layouts/application (Duration: 14.8ms | Allocations: 4072)
  Rendered layout layouts/application.html.erb (Duration: 15.0ms | Allocations: 4143)
Completed 500 Internal Server Error in 16ms (ActiveRecord: 0.0ms | Allocations: 4433)


  
ActionView::Template::Error (undefined local variable or method `encode_page_path' for #<ActionView::Base:0x0000000000afc8>):
    1: <h1>URL Shortener</h1>
    2: 
    3: <%= form_with url: encode_page_path, method: "get" do |form| %>
    4:   <p>
    5:     <%= label_tag :url, "Insert URL" %><br>
    6:     <%= text_field_tag :input_long %>
  
app/views/url_shortener/encode.html.erb:3
Started GET "/" for 127.0.0.1 at 2023-05-03 15:03:18 -0400
  [1m[36mActiveRecord::SchemaMigration Pluck (0.0ms)[0m  [1m[34mSELECT "schema_migrations"."version" FROM "schema_migrations" ORDER BY "schema_migrations"."version" ASC[0m
Processing by UrlShortenerController#encode as HTML
  Rendering layout layouts/application.html.erb
  Rendering url_shortener/encode.html.erb within layouts/application
  Rendered url_shortener/encode.html.erb within layouts/application (Duration: 0.5ms | Allocations: 845)
  Rendered layout layouts/application.html.erb (Duration: 134.2ms | Allocations: 97542)
Completed 200 OK in 138ms (Views: 135.4ms | ActiveRecord: 0.0ms | Allocations: 103026)


Started GET "/" for 127.0.0.1 at 2023-05-03 15:08:31 -0400
  [1m[36mActiveRecord::SchemaMigration Pluck (0.0ms)[0m  [1m[34mSELECT "schema_migrations"."version" FROM "schema_migrations" ORDER BY "schema_migrations"."version" ASC[0m
Processing by UrlShortenerController#encode as HTML
  Rendering layout layouts/application.html.erb
  Rendering url_shortener/encode.html.erb within layouts/application
  Rendered url_shortener/encode.html.erb within layouts/application (Duration: 0.5ms | Allocations: 845)
  Rendered layout layouts/application.html.erb (Duration: 17.8ms | Allocations: 35444)
Completed 200 OK in 21ms (Views: 18.9ms | ActiveRecord: 0.0ms | Allocations: 40928)


Started GET "/url_shortener?input_long=https%3A%2F%2Fwww.nytimes.com%2F&submit_button=" for 127.0.0.1 at 2023-05-03 15:08:42 -0400
Processing by UrlShortenerController#encode as HTML
  Parameters: {"input_long"=>"https://www.nytimes.com/", "submit_button"=>""}
Completed 500 Internal Server Error in 4ms (ActiveRecord: 0.0ms | Allocations: 2374)


  
NameError (uninitialized constant UrlShortenerController::Url
Did you mean?  URI):
  
app/controllers/url_shortener_controller.rb:19:in `block in encode'
app/controllers/url_shortener_controller.rb:9:in `loop'
app/controllers/url_shortener_controller.rb:9:in `encode'
Started GET "/" for 127.0.0.1 at 2023-05-03 15:11:51 -0400
  [1m[36mActiveRecord::SchemaMigration Pluck (0.0ms)[0m  [1m[34mSELECT "schema_migrations"."version" FROM "schema_migrations" ORDER BY "schema_migrations"."version" ASC[0m
Processing by UrlShortenerController#encode as HTML
  Rendering layout layouts/application.html.erb
  Rendering url_shortener/encode.html.erb within layouts/application
  Rendered url_shortener/encode.html.erb within layouts/application (Duration: 0.5ms | Allocations: 845)
  Rendered layout layouts/application.html.erb (Duration: 17.1ms | Allocations: 35931)
Completed 200 OK in 20ms (Views: 18.2ms | ActiveRecord: 0.0ms | Allocations: 41415)


Started GET "/url_shortener?input_long=https%3A%2F%2Fwww.nytimes.com%2F&submit_button=" for 127.0.0.1 at 2023-05-03 15:11:54 -0400
Processing by UrlShortenerController#encode as HTML
  Parameters: {"input_long"=>"https://www.nytimes.com/", "submit_button"=>""}
  [1m[36mUrlShortener Exists? (1.1ms)[0m  [1m[34mSELECT 1 AS one FROM "url_shorteners" WHERE "url_shorteners"."short" = ? LIMIT ?[0m  [["short", "https://short.est/1NwH"], ["LIMIT", 1]]
  ↳ app/controllers/url_shortener_controller.rb:19:in `block in encode'
  [1m[36mTRANSACTION (0.0ms)[0m  [1m[36mbegin transaction[0m
  ↳ app/controllers/url_shortener_controller.rb:24:in `encode'
  [1m[36mUrlShortener Create (0.5ms)[0m  [1m[32mINSERT INTO "url_shorteners" ("long", "short", "created_at", "updated_at") VALUES (?, ?, ?, ?)[0m  [["long", "https://www.nytimes.com/"], ["short", "https://short.est/1NwH"], ["created_at", "2023-05-03 19:11:54.702682"], ["updated_at", "2023-05-03 19:11:54.702682"]]
  ↳ app/controllers/url_shortener_controller.rb:24:in `encode'
  [1m[36mTRANSACTION (0.6ms)[0m  [1m[36mcommit transaction[0m
  ↳ app/controllers/url_shortener_controller.rb:24:in `encode'
Redirected to http://127.0.0.1:3000/url_shortener/final1
Completed 302 Found in 25ms (ActiveRecord: 3.0ms | Allocations: 21319)


Started GET "/url_shortener/final1" for 127.0.0.1 at 2023-05-03 15:11:54 -0400
Processing by UrlShortenerController#final_encode as HTML
  Rendering layout layouts/application.html.erb
  Rendering url_shortener/final_encode.html.erb within layouts/application
  Rendered url_shortener/final_encode.html.erb within layouts/application (Duration: 0.9ms | Allocations: 161)
  Rendered layout layouts/application.html.erb (Duration: 3.5ms | Allocations: 2598)
Completed 200 OK in 5ms (Views: 3.9ms | ActiveRecord: 0.0ms | Allocations: 2980)


Started GET "/" for 127.0.0.1 at 2023-05-03 15:27:34 -0400
  [1m[36mActiveRecord::SchemaMigration Pluck (0.0ms)[0m  [1m[34mSELECT "schema_migrations"."version" FROM "schema_migrations" ORDER BY "schema_migrations"."version" ASC[0m
Processing by UrlShortenerController#index as HTML
  Rendering layout layouts/application.html.erb
  Rendering url_shortener/index.html.erb within layouts/application
  Rendered url_shortener/index.html.erb within layouts/application (Duration: 0.7ms | Allocations: 687)
  Rendered layout layouts/application.html.erb (Duration: 18.3ms | Allocations: 35197)
Completed 200 OK in 21ms (Views: 19.5ms | ActiveRecord: 0.0ms | Allocations: 39652)


Started GET "/" for 127.0.0.1 at 2023-05-03 15:27:34 -0400
Processing by UrlShortenerController#index as HTML
  Rendering layout layouts/application.html.erb
  Rendering url_shortener/index.html.erb within layouts/application
  Rendered url_shortener/index.html.erb within layouts/application (Duration: 0.1ms | Allocations: 168)
  Rendered layout layouts/application.html.erb (Duration: 1.9ms | Allocations: 2602)
Completed 200 OK in 3ms (Views: 2.3ms | ActiveRecord: 0.0ms | Allocations: 2915)


Started GET "/url_shortener/encode" for 127.0.0.1 at 2023-05-03 15:27:36 -0400
Processing by UrlShortenerController#encode as HTML
  Rendering layout layouts/application.html.erb
  Rendering url_shortener/encode.html.erb within layouts/application
  Rendered url_shortener/encode.html.erb within layouts/application (Duration: 1.9ms | Allocations: 489)
  Rendered layout layouts/application.html.erb (Duration: 7.6ms | Allocations: 2908)
Completed 200 OK in 10ms (Views: 8.4ms | ActiveRecord: 0.0ms | Allocations: 3297)


Started GET "/url_shortener/encode?input_long=https%3A%2F%2Fwww.washingtonpost.com%2F&submit_button=" for 127.0.0.1 at 2023-05-03 15:27:48 -0400
Processing by UrlShortenerController#encode as HTML
  Parameters: {"input_long"=>"https://www.washingtonpost.com/", "submit_button"=>""}
  [1m[36mUrlShortener Exists? (0.3ms)[0m  [1m[34mSELECT 1 AS one FROM "url_shorteners" WHERE "url_shorteners"."short" = ? LIMIT ?[0m  [["short", "https://short.est/2xDp"], ["LIMIT", 1]]
  ↳ app/controllers/url_shortener_controller.rb:19:in `block in encode'
  [1m[36mTRANSACTION (0.0ms)[0m  [1m[36mbegin transaction[0m
  ↳ app/controllers/url_shortener_controller.rb:24:in `encode'
  [1m[36mUrlShortener Create (0.4ms)[0m  [1m[32mINSERT INTO "url_shorteners" ("long", "short", "created_at", "updated_at") VALUES (?, ?, ?, ?)[0m  [["long", "https://www.washingtonpost.com/"], ["short", "https://short.est/2xDp"], ["created_at", "2023-05-03 19:27:48.937945"], ["updated_at", "2023-05-03 19:27:48.937945"]]
  ↳ app/controllers/url_shortener_controller.rb:24:in `encode'
  [1m[36mTRANSACTION (0.5ms)[0m  [1m[36mcommit transaction[0m
  ↳ app/controllers/url_shortener_controller.rb:24:in `encode'
Redirected to http://127.0.0.1:3000/url_shortener/final1
Completed 302 Found in 21ms (ActiveRecord: 1.9ms | Allocations: 21272)


Started GET "/url_shortener/final1" for 127.0.0.1 at 2023-05-03 15:27:48 -0400
Processing by UrlShortenerController#final_encode as HTML
  Rendering layout layouts/application.html.erb
  Rendering url_shortener/final_encode.html.erb within layouts/application
  Rendered url_shortener/final_encode.html.erb within layouts/application (Duration: 0.6ms | Allocations: 160)
  Rendered layout layouts/application.html.erb (Duration: 4.0ms | Allocations: 2599)
Completed 200 OK in 5ms (Views: 4.3ms | ActiveRecord: 0.0ms | Allocations: 2982)


Started GET "/" for 127.0.0.1 at 2023-05-03 15:28:11 -0400
Processing by UrlShortenerController#index as HTML
  Rendering layout layouts/application.html.erb
  Rendering url_shortener/index.html.erb within layouts/application
  Rendered url_shortener/index.html.erb within layouts/application (Duration: 0.3ms | Allocations: 168)
  Rendered layout layouts/application.html.erb (Duration: 4.2ms | Allocations: 2599)
Completed 200 OK in 6ms (Views: 5.4ms | ActiveRecord: 0.0ms | Allocations: 2912)


Started GET "/" for 127.0.0.1 at 2023-05-03 15:28:12 -0400
Processing by UrlShortenerController#index as HTML
  Rendering layout layouts/application.html.erb
  Rendering url_shortener/index.html.erb within layouts/application
  Rendered url_shortener/index.html.erb within layouts/application (Duration: 0.3ms | Allocations: 168)
  Rendered layout layouts/application.html.erb (Duration: 4.1ms | Allocations: 2605)
Completed 200 OK in 6ms (Views: 4.8ms | ActiveRecord: 0.0ms | Allocations: 2918)


Started GET "/url_shortener/decode" for 127.0.0.1 at 2023-05-03 15:28:13 -0400
Processing by UrlShortenerController#decode as HTML
  Rendering layout layouts/application.html.erb
  Rendering url_shortener/decode.html.erb within layouts/application
  Rendered url_shortener/decode.html.erb within layouts/application (Duration: 1.8ms | Allocations: 419)
  Rendered layout layouts/application.html.erb (Duration: 6.5ms | Allocations: 2843)
Completed 200 OK in 8ms (Views: 7.2ms | ActiveRecord: 0.0ms | Allocations: 3225)


Started GET "/url_shortener/decode?input_short=https%3A%2F%2Fshort.est%2F2xDp&submit_button=" for 127.0.0.1 at 2023-05-03 15:28:29 -0400
Processing by UrlShortenerController#decode as HTML
  Parameters: {"input_short"=>"https://short.est/2xDp", "submit_button"=>""}
  [1m[36mUrlShortener Pluck (0.8ms)[0m  [1m[34mSELECT "url_shorteners"."long" FROM "url_shorteners" WHERE "url_shorteners"."short" = ?[0m  [["short", "https://short.est/2xDp"]]
  ↳ app/controllers/url_shortener_controller.rb:39:in `decode'
Redirected to http://127.0.0.1:3000/url_shortener/final2
Completed 302 Found in 4ms (ActiveRecord: 0.8ms | Allocations: 689)


Started GET "/url_shortener/final2" for 127.0.0.1 at 2023-05-03 15:28:29 -0400
Processing by UrlShortenerController#final_decode as HTML
  Rendering layout layouts/application.html.erb
  Rendering url_shortener/final_decode.html.erb within layouts/application
  Rendered url_shortener/final_decode.html.erb within layouts/application (Duration: 1.2ms | Allocations: 151)
  Rendered layout layouts/application.html.erb (Duration: 4.9ms | Allocations: 2585)
Completed 200 OK in 6ms (Views: 5.3ms | ActiveRecord: 0.0ms | Allocations: 2959)


Started GET "/" for 127.0.0.1 at 2023-05-03 15:35:48 -0400
  [1m[36mActiveRecord::SchemaMigration Pluck (0.0ms)[0m  [1m[34mSELECT "schema_migrations"."version" FROM "schema_migrations" ORDER BY "schema_migrations"."version" ASC[0m
Processing by UrlShortenerController#index as HTML
  Rendering layout layouts/application.html.erb
  Rendering url_shortener/index.html.erb within layouts/application
  Rendered url_shortener/index.html.erb within layouts/application (Duration: 0.8ms | Allocations: 687)
  Rendered layout layouts/application.html.erb (Duration: 25.1ms | Allocations: 36052)
Completed 200 OK in 29ms (Views: 26.6ms | ActiveRecord: 0.0ms | Allocations: 40507)


Started GET "/" for 127.0.0.1 at 2023-05-03 15:35:49 -0400
Processing by UrlShortenerController#index as HTML
  Rendering layout layouts/application.html.erb
  Rendering url_shortener/index.html.erb within layouts/application
  Rendered url_shortener/index.html.erb within layouts/application (Duration: 0.3ms | Allocations: 168)
  Rendered layout layouts/application.html.erb (Duration: 5.4ms | Allocations: 2595)
Completed 200 OK in 7ms (Views: 6.0ms | ActiveRecord: 0.0ms | Allocations: 2910)


Started GET "/url_shortener/encode" for 127.0.0.1 at 2023-05-03 15:35:51 -0400
Processing by UrlShortenerController#encode as HTML
  Rendering layout layouts/application.html.erb
  Rendering url_shortener/encode.html.erb within layouts/application
  Rendered url_shortener/encode.html.erb within layouts/application (Duration: 1.8ms | Allocations: 489)
  Rendered layout layouts/application.html.erb (Duration: 6.1ms | Allocations: 2908)
Completed 200 OK in 8ms (Views: 7.0ms | ActiveRecord: 0.0ms | Allocations: 3296)


Started GET "/url_shortener/encode?input_long=https%3A%2F%2Fwww.washingtonpost.com%2Fweather%2F&submit_button=" for 127.0.0.1 at 2023-05-03 15:35:56 -0400
Processing by UrlShortenerController#encode as HTML
  Parameters: {"input_long"=>"https://www.washingtonpost.com/weather/", "submit_button"=>""}
  [1m[36mUrlShortener Exists? (0.5ms)[0m  [1m[34mSELECT 1 AS one FROM "url_shorteners" WHERE "url_shorteners"."short" = ? LIMIT ?[0m  [["short", "https://short.est/2Y6S"], ["LIMIT", 1]]
  ↳ app/controllers/url_shortener_controller.rb:16:in `block in encode'
  [1m[36mTRANSACTION (0.1ms)[0m  [1m[36mbegin transaction[0m
  ↳ app/controllers/url_shortener_controller.rb:21:in `encode'
  [1m[36mUrlShortener Create (0.6ms)[0m  [1m[32mINSERT INTO "url_shorteners" ("long", "short", "created_at", "updated_at") VALUES (?, ?, ?, ?)[0m  [["long", "https://www.washingtonpost.com/weather/"], ["short", "https://short.est/2Y6S"], ["created_at", "2023-05-03 19:35:56.054637"], ["updated_at", "2023-05-03 19:35:56.054637"]]
  ↳ app/controllers/url_shortener_controller.rb:21:in `encode'
  [1m[36mTRANSACTION (0.7ms)[0m  [1m[36mcommit transaction[0m
  ↳ app/controllers/url_shortener_controller.rb:21:in `encode'
  [1m[36mUrlShortener Load (0.2ms)[0m  [1m[34mSELECT "url_shorteners".* FROM "url_shorteners" WHERE "url_shorteners"."long" = ?[0m  [["long", "https://www.washingtonpost.com/weather/"]]
  ↳ app/controllers/url_shortener_controller.rb:23:in `encode'
Completed 200 OK in 38ms (Views: 14.3ms | ActiveRecord: 2.6ms | Allocations: 21979)


Started GET "/url_shortener/decode" for 127.0.0.1 at 2023-05-03 15:36:43 -0400
Processing by UrlShortenerController#decode as HTML
  Rendering layout layouts/application.html.erb
  Rendering url_shortener/decode.html.erb within layouts/application
  Rendered url_shortener/decode.html.erb within layouts/application (Duration: 1.6ms | Allocations: 422)
  Rendered layout layouts/application.html.erb (Duration: 5.3ms | Allocations: 2864)
Completed 200 OK in 7ms (Views: 6.0ms | ActiveRecord: 0.0ms | Allocations: 3247)


Started GET "/url_shortener/decode?input_short=https%3A%2F%2Fshort.est%2F2xDp&submit_button=" for 127.0.0.1 at 2023-05-03 15:36:46 -0400
Processing by UrlShortenerController#decode as HTML
  Parameters: {"input_short"=>"https://short.est/2xDp", "submit_button"=>""}
  [1m[36mUrlShortener Pluck (0.2ms)[0m  [1m[34mSELECT "url_shorteners"."long" FROM "url_shorteners" WHERE "url_shorteners"."short" = ?[0m  [["short", "https://short.est/2xDp"]]
  ↳ app/controllers/url_shortener_controller.rb:30:in `decode'
  [1m[36mUrlShortener Load (0.1ms)[0m  [1m[34mSELECT "url_shorteners".* FROM "url_shorteners" WHERE "url_shorteners"."long" = ?[0m  [["long", "https://www.washingtonpost.com/"]]
  ↳ app/controllers/url_shortener_controller.rb:36:in `decode'
Completed 200 OK in 5ms (Views: 1.5ms | ActiveRecord: 0.4ms | Allocations: 1330)


